[0720/142805:ERROR:process_info.cc(608)] range at 0x0, size 0x24 fully unreadable
[0720/142805:ERROR:process_reader_win.cc(232)] ReadMemory at 0x0 of 36 bytes failed: Only part of a ReadProcessMemory or WriteProcessMemory request was completed. (0x12B)
[0720/142805:ERROR:process_snapshot_win.cc(357)] ReadMemory PEB_LDR_DATA
[0720/142805:ERROR:process_reader_win.cc(232)] ReadMemory at 0x0 of 784 bytes failed: Only part of a ReadProcessMemory or WriteProcessMemory request was completed. (0x12B)
[0720/142805:ERROR:process_snapshot_win.cc(380)] ReadMemory RTL_USER_PROCESS_PARAMETERS
[0720/142805:ERROR:process_reader_win.cc(232)] ReadMemory at 0x1090000 of 64 bytes failed: Only part of a ReadProcessMemory or WriteProcessMemory request was completed. (0x12B)
[0720/142805:WARNING:pe_image_reader.cc(280)] could not read dos header from C:\Program Files\Google\Chrome\Application\chrome.exe
[0720/142805:ERROR:process_reader_win.cc(232)] ReadMemory at 0x77950000 of 64 bytes failed: Only part of a ReadProcessMemory or WriteProcessMemory request was completed. (0x12B)
[0720/142805:WARNING:pe_image_reader.cc(280)] could not read dos header from C:\WINDOWS\SYSTEM32\ntdll.dll
[0720/142805:ERROR:process_reader_win.cc(232)] ReadMemory at 0x75ac0000 of 64 bytes failed: Only part of a ReadProcessMemory or WriteProcessMemory request was completed. (0x12B)
[0720/142805:WARNING:pe_image_reader.cc(280)] could not read dos header from C:\WINDOWS\system32\KERNELBASE.dll
[0720/142805:ERROR:process_reader_win.cc(232)] ReadMemory at 0x77470000 of 64 bytes failed: Only part of a ReadProcessMemory or WriteProcessMemory request was completed. (0x12B)
[0720/142805:WARNING:pe_image_reader.cc(280)] could not read dos header from C:\WINDOWS\system32\kernel32.dll
[0720/142805:ERROR:process_reader_win.cc(232)] ReadMemory at 0x77ae0000 of 64 bytes failed: Only part of a ReadProcessMemory or WriteProcessMemory request was completed. (0x12B)
[0720/142805:WARNING:pe_image_reader.cc(280)] could not read dos header from C:\WINDOWS\system32\PSAPI.DLL
[0720/142805:ERROR:process_reader_win.cc(232)] ReadMemory at 0x77550000 of 64 bytes failed: Only part of a ReadProcessMemory or WriteProcessMemory request was completed. (0x12B)
[0720/142805:WARNING:pe_image_reader.cc(280)] could not read dos header from C:\WINDOWS\system32\USER32.dll
[0720/142805:ERROR:process_reader_win.cc(232)] ReadMemory at 0x760f0000 of 64 bytes failed: Only part of a ReadProcessMemory or WriteProcessMemory request was completed. (0x12B)
[0720/142805:WARNING:pe_image_reader.cc(280)] could not read dos header from C:\WINDOWS\system32\msvcrt.dll
[0720/142805:ERROR:process_reader_win.cc(232)] ReadMemory at 0x75e40000 of 64 bytes failed: Only part of a ReadProcessMemory or WriteProcessMemory request was completed. (0x12B)
[0720/142805:WARNING:pe_image_reader.cc(280)] could not read dos header from C:\WINDOWS\system32\USP10.dll
[0720/142805:ERROR:process_reader_win.cc(232)] ReadMemory at 0x77ac0000 of 64 bytes failed: Only part of a ReadProcessMemory or WriteProcessMemory request was completed. (0x12B)
[0720/142805:WARNING:pe_image_reader.cc(280)] could not read dos header from C:\WINDOWS\system32\LPK.dll
[0720/142805:ERROR:process_reader_win.cc(232)] ReadMemory at 0x766d0000 of 64 bytes failed: Only part of a ReadProcessMemory or WriteProcessMemory request was completed. (0x12B)
[0720/142805:WARNING:pe_image_reader.cc(280)] could not read dos header from C:\WINDOWS\system32\GDI32.dll
[0720/142805:ERROR:process_reader_win.cc(232)] ReadMemory at 0x77860000 of 64 bytes failed: Only part of a ReadProcessMemory or WriteProcessMemory request was completed. (0x12B)
[0720/142805:WARNING:pe_image_reader.cc(280)] could not read dos header from C:\WINDOWS\system32\SHLWAPI.dll
[0720/142805:ERROR:process_reader_win.cc(232)] ReadMemory at 0x76620000 of 64 bytes failed: Only part of a ReadProcessMemory or WriteProcessMemory request was completed. (0x12B)
[0720/142805:WARNING:pe_image_reader.cc(280)] could not read dos header from C:\WINDOWS\system32\RPCRT4.dll
[0720/142805:ERROR:process_reader_win.cc(232)] ReadMemory at 0x77aa0000 of 64 bytes failed: Only part of a ReadProcessMemory or WriteProcessMemory request was completed. (0x12B)
[0720/142805:WARNING:pe_image_reader.cc(280)] could not read dos header from C:\WINDOWS\SYSTEM32\sechost.dll
[0720/142805:ERROR:process_reader_win.cc(232)] ReadMemory at 0x77370000 of 64 bytes failed: Only part of a ReadProcessMemory or WriteProcessMemory request was completed. (0x12B)
[0720/142805:WARNING:pe_image_reader.cc(280)] could not read dos header from C:\WINDOWS\system32\ADVAPI32.dll
[0720/142805:ERROR:process_reader_win.cc(232)] ReadMemory at 0x743e0000 of 64 bytes failed: Only part of a ReadProcessMemory or WriteProcessMemory request was completed. (0x12B)
[0720/142805:WARNING:pe_image_reader.cc(280)] could not read dos header from C:\WINDOWS\system32\tmumh\20019\AddOn\6.80.0.1007\TmUmEvt.dll
[0720/142805:ERROR:process_reader_win.cc(232)] ReadMemory at 0x742b0000 of 64 bytes failed: Only part of a ReadProcessMemory or WriteProcessMemory request was completed. (0x12B)
[0720/142805:WARNING:pe_image_reader.cc(280)] could not read dos header from C:\WINDOWS\system32\sfc.dll
[0720/142805:ERROR:process_reader_win.cc(232)] ReadMemory at 0x742a0000 of 64 bytes failed: Only part of a ReadProcessMemory or WriteProcessMemory request was completed. (0x12B)
[0720/142805:WARNING:pe_image_reader.cc(280)] could not read dos header from C:\WINDOWS\system32\sfc_os.DLL
[0720/142805:ERROR:process_reader_win.cc(232)] ReadMemory at 0x74d80000 of 64 bytes failed: Only part of a ReadProcessMemory or WriteProcessMemory request was completed. (0x12B)
[0720/142805:WARNING:pe_image_reader.cc(280)] could not read dos header from C:\WINDOWS\system32\VERSION.dll
[0720/142805:ERROR:process_reader_win.cc(232)] ReadMemory at 0x742c0000 of 64 bytes failed: Only part of a ReadProcessMemory or WriteProcessMemory request was completed. (0x12B)
[0720/142805:WARNING:pe_image_reader.cc(280)] could not read dos header from C:\WINDOWS\system32\tmumh\20019\TmMon\1.6.0.1163\tmmon.dll
[0720/142805:ERROR:process_reader_win.cc(232)] ReadMemory at 0x76370000 of 64 bytes failed: Only part of a ReadProcessMemory or WriteProcessMemory request was completed. (0x12B)
[0720/142805:WARNING:pe_image_reader.cc(280)] could not read dos header from C:\WINDOWS\system32\MSCTF.dll
[0720/142805:ERROR:process_reader_win.cc(232)] ReadMemory at 0x77b20000 of 64 bytes failed: Only part of a ReadProcessMemory or WriteProcessMemory request was completed. (0x12B)
[0720/142805:WARNING:pe_image_reader.cc(280)] could not read dos header from C:\WINDOWS\system32\IMM32.DLL
[0720/142805:ERROR:process_reader_win.cc(232)] ReadMemory at 0x65ef0000 of 64 bytes failed: Only part of a ReadProcessMemory or WriteProcessMemory request was completed. (0x12B)
[0720/142805:WARNING:pe_image_reader.cc(280)] could not read dos header from C:\Program Files\Google\Chrome\Application\51.0.2704.103\chrome_elf.dll
[0720/142805:ERROR:process_reader_win.cc(232)] ReadMemory at 0x74260000 of 64 bytes failed: Only part of a ReadProcessMemory or WriteProcessMemory request was completed. (0x12B)
[0720/142805:WARNING:pe_image_reader.cc(280)] could not read dos header from C:\WINDOWS\system32\WINMM.dll
[0720/142805:ERROR:process_reader_win.cc(232)] ReadMemory at 0x75920000 of 64 bytes failed: Only part of a ReadProcessMemory or WriteProcessMemory request was completed. (0x12B)
[0720/142805:WARNING:pe_image_reader.cc(280)] could not read dos header from C:\WINDOWS\system32\profapi.dll
[0720/142805:ERROR:process_reader_win.cc(232)] ReadMemory at 0x75940000 of 64 bytes failed: Only part of a ReadProcessMemory or WriteProcessMemory request was completed. (0x12B)
[0720/142805:WARNING:pe_image_reader.cc(280)] could not read dos header from C:\WINDOWS\system32\USERENV.dll
[0720/142805:ERROR:process_reader_win.cc(232)] ReadMemory at 0x74470000 of 64 bytes failed: Only part of a ReadProcessMemory or WriteProcessMemory request was completed. (0x12B)
[0720/142805:WARNING:pe_image_reader.cc(280)] could not read dos header from C:\WINDOWS\system32\WTSAPI32.dll
[0720/142805:ERROR:process_reader_win.cc(232)] ReadMemory at 0x727c0000 of 64 bytes failed: Only part of a ReadProcessMemory or WriteProcessMemory request was completed. (0x12B)
[0720/142805:WARNING:pe_image_reader.cc(280)] could not read dos header from C:\WINDOWS\system32\webio.dll
[0720/142805:ERROR:process_reader_win.cc(232)] ReadMemory at 0x72810000 of 64 bytes failed: Only part of a ReadProcessMemory or WriteProcessMemory request was completed. (0x12B)
[0720/142805:WARNING:pe_image_reader.cc(280)] could not read dos header from C:\WINDOWS\system32\WINHTTP.dll
[0720/142805:ERROR:process_reader_win.cc(232)] ReadMemory at 0x67350000 of 64 bytes failed: Only part of a ReadProcessMemory or WriteProcessMemory request was completed. (0x12B)
[0720/142805:WARNING:pe_image_reader.cc(280)] could not read dos header from C:\WINDOWS\system32\api-ms-win-core-synch-l1-2-0.DLL
[0720/142805:ERROR:process_reader_win.cc(232)] ReadMemory at 0x76720000 of 64 bytes failed: Only part of a ReadProcessMemory or WriteProcessMemory request was completed. (0x12B)
[0720/142805:WARNING:pe_image_reader.cc(280)] could not read dos header from C:\WINDOWS\system32\SHELL32.dll
[0720/142805:ERROR:process_reader_win.cc(232)] ReadMemory at 0x73ca0000 of 64 bytes failed: Only part of a ReadProcessMemory or WriteProcessMemory request was completed. (0x12B)
[0720/142805:WARNING:pe_image_reader.cc(280)] could not read dos header from C:\WINDOWS\system32\WINSPOOL.DRV
[0720/142805:ERROR:process_reader_win.cc(232)] ReadMemory at 0x74490000 of 64 bytes failed: Only part of a ReadProcessMemory or WriteProcessMemory request was completed. (0x12B)
[0720/142805:WARNING:pe_image_reader.cc(280)] could not read dos header from C:\WINDOWS\WinSxS\x86_microsoft.windows.common-controls_6595b64144ccf1df_6.0.7601.18837_none_41e855142bd5705d\COMCTL32.dll
[0720/142805:ERROR:process_reader_win.cc(232)] ReadMemory at 0x762f0000 of 64 bytes failed: Only part of a ReadProcessMemory or WriteProcessMemory request was completed. (0x12B)
[0720/142805:WARNING:pe_image_reader.cc(280)] could not read dos header from C:\WINDOWS\system32\COMDLG32.dll
[0720/142805:ERROR:process_reader_win.cc(232)] ReadMemory at 0x75c50000 of 64 bytes failed: Only part of a ReadProcessMemory or WriteProcessMemory request was completed. (0x12B)
[0720/142805:WARNING:pe_image_reader.cc(280)] could not read dos header from C:\WINDOWS\system32\ole32.dll
[0720/142805:ERROR:process_reader_win.cc(232)] ReadMemory at 0x75db0000 of 64 bytes failed: Only part of a ReadProcessMemory or WriteProcessMemory request was completed. (0x12B)
[0720/142805:WARNING:pe_image_reader.cc(280)] could not read dos header from C:\WINDOWS\system32\OLEAUT32.dll
[0720/142805:ERROR:process_reader_win.cc(232)] ReadMemory at 0x77ad0000 of 64 bytes failed: Only part of a ReadProcessMemory or WriteProcessMemory request was completed. (0x12B)
[0720/142805:WARNING:pe_image_reader.cc(280)] could not read dos header from C:\WINDOWS\system32\NSI.dll
[0720/142805:ERROR:process_reader_win.cc(232)] ReadMemory at 0x73a30000 of 64 bytes failed: Only part of a ReadProcessMemory or WriteProcessMemory request was completed. (0x12B)
[0720/142805:WARNING:pe_image_reader.cc(280)] could not read dos header from C:\WINDOWS\system32\WINNSI.DLL
[0720/142805:ERROR:process_reader_win.cc(232)] ReadMemory at 0x73a40000 of 64 bytes failed: Only part of a ReadProcessMemory or WriteProcessMemory request was completed. (0x12B)
[0720/142805:WARNING:pe_image_reader.cc(280)] could not read dos header from C:\WINDOWS\system32\IPHLPAPI.DLL
[0720/142805:ERROR:process_reader_win.cc(232)] ReadMemory at 0x765e0000 of 64 bytes failed: Only part of a ReadProcessMemory or WriteProcessMemory request was completed. (0x12B)
[0720/142805:WARNING:pe_image_reader.cc(280)] could not read dos header from C:\WINDOWS\system32\WS2_32.dll
[0720/142805:ERROR:process_reader_win.cc(232)] ReadMemory at 0x75930000 of 64 bytes failed: Only part of a ReadProcessMemory or WriteProcessMemory request was completed. (0x12B)
[0720/142805:WARNING:pe_image_reader.cc(280)] could not read dos header from C:\WINDOWS\system32\MSASN1.dll
[0720/142805:ERROR:process_reader_win.cc(232)] ReadMemory at 0x75990000 of 64 bytes failed: Only part of a ReadProcessMemory or WriteProcessMemory request was completed. (0x12B)
[0720/142805:WARNING:pe_image_reader.cc(280)] could not read dos header from C:\WINDOWS\system32\CRYPT32.dll
[0720/142805:ERROR:process_reader_win.cc(232)] ReadMemory at 0x75960000 of 64 bytes failed: Only part of a ReadProcessMemory or WriteProcessMemory request was completed. (0x12B)
[0720/142805:WARNING:pe_image_reader.cc(280)] could not read dos header from C:\WINDOWS\system32\WINTRUST.dll
[0720/142805:ERROR:process_reader_win.cc(232)] ReadMemory at 0x75680000 of 64 bytes failed: Only part of a ReadProcessMemory or WriteProcessMemory request was completed. (0x12B)
[0720/142805:WARNING:pe_image_reader.cc(280)] could not read dos header from C:\WINDOWS\system32\Secur32.dll
[0720/142805:ERROR:process_reader_win.cc(232)] ReadMemory at 0x757d0000 of 64 bytes failed: Only part of a ReadProcessMemory or WriteProcessMemory request was completed. (0x12B)
[0720/142805:WARNING:pe_image_reader.cc(280)] could not read dos header from C:\WINDOWS\system32\SSPICLI.DLL
[0720/142805:ERROR:process_reader_win.cc(232)] ReadMemory at 0xf090000 of 64 bytes failed: Only part of a ReadProcessMemory or WriteProcessMemory request was completed. (0x12B)
[0720/142805:WARNING:pe_image_reader.cc(280)] could not read dos header from C:\Program Files\Google\Chrome\Application\51.0.2704.103\chrome_child.dll
[0720/142805:ERROR:process_reader_win.cc(232)] ReadMemory at 0x60c00000 of 64 bytes failed: Only part of a ReadProcessMemory or WriteProcessMemory request was completed. (0x12B)
[0720/142805:WARNING:pe_image_reader.cc(280)] could not read dos header from C:\WINDOWS\system32\dwrite.dll
[0720/142805:ERROR:process_reader_win.cc(232)] ReadMemory at 0x75840000 of 64 bytes failed: Only part of a ReadProcessMemory or WriteProcessMemory request was completed. (0x12B)
[0720/142805:WARNING:pe_image_reader.cc(280)] could not read dos header from C:\WINDOWS\system32\cryptbase.dll
[0720/142805:ERROR:process_reader_win.cc(232)] ReadMemory at 0x77a2b000 of 5888 bytes failed: Only part of a ReadProcessMemory or WriteProcessMemory request was completed. (0x12B)
[0720/142805:ERROR:process_reader_win.cc(232)] ReadMemory at 0x1090000 of 64 bytes failed: Only part of a ReadProcessMemory or WriteProcessMemory request was completed. (0x12B)
[0720/142805:WARNING:pe_image_reader.cc(280)] could not read dos header from C:\Program Files\Google\Chrome\Application\chrome.exe
[0720/142805:ERROR:process_reader_win.cc(232)] ReadMemory at 0x77950000 of 64 bytes failed: Only part of a ReadProcessMemory or WriteProcessMemory request was completed. (0x12B)
[0720/142805:WARNING:pe_image_reader.cc(280)] could not read dos header from C:\WINDOWS\SYSTEM32\ntdll.dll
[0720/142805:ERROR:process_reader_win.cc(232)] ReadMemory at 0x75ac0000 of 64 bytes failed: Only part of a ReadProcessMemory or WriteProcessMemory request was completed. (0x12B)
[0720/142805:WARNING:pe_image_reader.cc(280)] could not read dos header from C:\WINDOWS\system32\KERNELBASE.dll
[0720/142805:ERROR:process_reader_win.cc(232)] ReadMemory at 0x77470000 of 64 bytes failed: Only part of a ReadProcessMemory or WriteProcessMemory request was completed. (0x12B)
[0720/142805:WARNING:pe_image_reader.cc(280)] could not read dos header from C:\WINDOWS\system32\kernel32.dll
[0720/142805:ERROR:process_reader_win.cc(232)] ReadMemory at 0x77ae0000 of 64 bytes failed: Only part of a ReadProcessMemory or WriteProcessMemory request was completed. (0x12B)
[0720/142805:WARNING:pe_image_reader.cc(280)] could not read dos header from C:\WINDOWS\system32\PSAPI.DLL
[0720/142805:ERROR:process_reader_win.cc(232)] ReadMemory at 0x77550000 of 64 bytes failed: Only part of a ReadProcessMemory or WriteProcessMemory request was completed. (0x12B)
[0720/142805:WARNING:pe_image_reader.cc(280)] could not read dos header from C:\WINDOWS\system32\USER32.dll
[0720/142805:ERROR:process_reader_win.cc(232)] ReadMemory at 0x760f0000 of 64 bytes failed: Only part of a ReadProcessMemory or WriteProcessMemory request was completed. (0x12B)
[0720/142805:WARNING:pe_image_reader.cc(280)] could not read dos header from C:\WINDOWS\system32\msvcrt.dll
[0720/142805:ERROR:process_reader_win.cc(232)] ReadMemory at 0x75e40000 of 64 bytes failed: Only part of a ReadProcessMemory or WriteProcessMemory request was completed. (0x12B)
[0720/142805:WARNING:pe_image_reader.cc(280)] could not read dos header from C:\WINDOWS\system32\USP10.dll
[0720/142805:ERROR:process_reader_win.cc(232)] ReadMemory at 0x77ac0000 of 64 bytes failed: Only part of a ReadProcessMemory or WriteProcessMemory request was completed. (0x12B)
[0720/142805:WARNING:pe_image_reader.cc(280)] could not read dos header from C:\WINDOWS\system32\LPK.dll
[0720/142805:ERROR:process_reader_win.cc(232)] ReadMemory at 0x766d0000 of 64 bytes failed: Only part of a ReadProcessMemory or WriteProcessMemory request was completed. (0x12B)
[0720/142805:WARNING:pe_image_reader.cc(280)] could not read dos header from C:\WINDOWS\system32\GDI32.dll
[0720/142805:ERROR:process_reader_win.cc(232)] ReadMemory at 0x77860000 of 64 bytes failed: Only part of a ReadProcessMemory or WriteProcessMemory request was completed. (0x12B)
[0720/142805:WARNING:pe_image_reader.cc(280)] could not read dos header from C:\WINDOWS\system32\SHLWAPI.dll
[0720/142805:ERROR:process_reader_win.cc(232)] ReadMemory at 0x76620000 of 64 bytes failed: Only part of a ReadProcessMemory or WriteProcessMemory request was completed. (0x12B)
[0720/142805:WARNING:pe_image_reader.cc(280)] could not read dos header from C:\WINDOWS\system32\RPCRT4.dll
[0720/142805:ERROR:process_reader_win.cc(232)] ReadMemory at 0x77aa0000 of 64 bytes failed: Only part of a ReadProcessMemory or WriteProcessMemory request was completed. (0x12B)
[0720/142805:WARNING:pe_image_reader.cc(280)] could not read dos header from C:\WINDOWS\SYSTEM32\sechost.dll
[0720/142805:ERROR:process_reader_win.cc(232)] ReadMemory at 0x77370000 of 64 bytes failed: Only part of a ReadProcessMemory or WriteProcessMemory request was completed. (0x12B)
[0720/142805:WARNING:pe_image_reader.cc(280)] could not read dos header from C:\WINDOWS\system32\ADVAPI32.dll
[0720/142805:ERROR:process_reader_win.cc(232)] ReadMemory at 0x743e0000 of 64 bytes failed: Only part of a ReadProcessMemory or WriteProcessMemory request was completed. (0x12B)
[0720/142805:WARNING:pe_image_reader.cc(280)] could not read dos header from C:\WINDOWS\system32\tmumh\20019\AddOn\6.80.0.1007\TmUmEvt.dll
[0720/142805:ERROR:process_reader_win.cc(232)] ReadMemory at 0x742b0000 of 64 bytes failed: Only part of a ReadProcessMemory or WriteProcessMemory request was completed. (0x12B)
[0720/142805:WARNING:pe_image_reader.cc(280)] could not read dos header from C:\WINDOWS\system32\sfc.dll
[0720/142805:ERROR:process_reader_win.cc(232)] ReadMemory at 0x742a0000 of 64 bytes failed: Only part of a ReadProcessMemory or WriteProcessMemory request was completed. (0x12B)
[0720/142805:WARNING:pe_image_reader.cc(280)] could not read dos header from C:\WINDOWS\system32\sfc_os.DLL
[0720/142805:ERROR:process_reader_win.cc(232)] ReadMemory at 0x74d80000 of 64 bytes failed: Only part of a ReadProcessMemory or WriteProcessMemory request was completed. (0x12B)
[0720/142805:WARNING:pe_image_reader.cc(280)] could not read dos header from C:\WINDOWS\system32\VERSION.dll
[0720/142805:ERROR:process_reader_win.cc(232)] ReadMemory at 0x742c0000 of 64 bytes failed: Only part of a ReadProcessMemory or WriteProcessMemory request was completed. (0x12B)
[0720/142805:WARNING:pe_image_reader.cc(280)] could not read dos header from C:\WINDOWS\system32\tmumh\20019\TmMon\1.6.0.1163\tmmon.dll
[0720/142805:ERROR:process_reader_win.cc(232)] ReadMemory at 0x76370000 of 64 bytes failed: Only part of a ReadProcessMemory or WriteProcessMemory request was completed. (0x12B)
[0720/142805:WARNING:pe_image_reader.cc(280)] could not read dos header from C:\WINDOWS\system32\MSCTF.dll
[0720/142805:ERROR:process_reader_win.cc(232)] ReadMemory at 0x77b20000 of 64 bytes failed: Only part of a ReadProcessMemory or WriteProcessMemory request was completed. (0x12B)
[0720/142805:WARNING:pe_image_reader.cc(280)] could not read dos header from C:\WINDOWS\system32\IMM32.DLL
[0720/142805:ERROR:process_reader_win.cc(232)] ReadMemory at 0x65ef0000 of 64 bytes failed: Only part of a ReadProcessMemory or WriteProcessMemory request was completed. (0x12B)
[0720/142805:WARNING:pe_image_reader.cc(280)] could not read dos header from C:\Program Files\Google\Chrome\Application\51.0.2704.103\chrome_elf.dll
[0720/142805:ERROR:process_reader_win.cc(232)] ReadMemory at 0x74260000 of 64 bytes failed: Only part of a ReadProcessMemory or WriteProcessMemory request was completed. (0x12B)
[0720/142805:WARNING:pe_image_reader.cc(280)] could not read dos header from C:\WINDOWS\system32\WINMM.dll
[0720/142805:ERROR:process_reader_win.cc(232)] ReadMemory at 0x75920000 of 64 bytes failed: Only part of a ReadProcessMemory or WriteProcessMemory request was completed. (0x12B)
[0720/142805:WARNING:pe_image_reader.cc(280)] could not read dos header from C:\WINDOWS\system32\profapi.dll
[0720/142805:ERROR:process_reader_win.cc(232)] ReadMemory at 0x75940000 of 64 bytes failed: Only part of a ReadProcessMemory or WriteProcessMemory request was completed. (0x12B)
[0720/142805:WARNING:pe_image_reader.cc(280)] could not read dos header from C:\WINDOWS\system32\USERENV.dll
[0720/142805:ERROR:process_reader_win.cc(232)] ReadMemory at 0x74470000 of 64 bytes failed: Only part of a ReadProcessMemory or WriteProcessMemory request was completed. (0x12B)
[0720/142805:WARNING:pe_image_reader.cc(280)] could not read dos header from C:\WINDOWS\system32\WTSAPI32.dll
[0720/142805:ERROR:process_reader_win.cc(232)] ReadMemory at 0x727c0000 of 64 bytes failed: Only part of a ReadProcessMemory or WriteProcessMemory request was completed. (0x12B)
[0720/142805:WARNING:pe_image_reader.cc(280)] could not read dos header from C:\WINDOWS\system32\webio.dll
[0720/142805:ERROR:process_reader_win.cc(232)] ReadMemory at 0x72810000 of 64 bytes failed: Only part of a ReadProcessMemory or WriteProcessMemory request was completed. (0x12B)
[0720/142805:WARNING:pe_image_reader.cc(280)] could not read dos header from C:\WINDOWS\system32\WINHTTP.dll
[0720/142805:ERROR:process_reader_win.cc(232)] ReadMemory at 0x67350000 of 64 bytes failed: Only part of a ReadProcessMemory or WriteProcessMemory request was completed. (0x12B)
[0720/142805:WARNING:pe_image_reader.cc(280)] could not read dos header from C:\WINDOWS\system32\api-ms-win-core-synch-l1-2-0.DLL
[0720/142805:ERROR:process_reader_win.cc(232)] ReadMemory at 0x76720000 of 64 bytes failed: Only part of a ReadProcessMemory or WriteProcessMemory request was completed. (0x12B)
[0720/142805:WARNING:pe_image_reader.cc(280)] could not read dos header from C:\WINDOWS\system32\SHELL32.dll
[0720/142805:ERROR:process_reader_win.cc(232)] ReadMemory at 0x73ca0000 of 64 bytes failed: Only part of a ReadProcessMemory or WriteProcessMemory request was completed. (0x12B)
[0720/142805:WARNING:pe_image_reader.cc(280)] could not read dos header from C:\WINDOWS\system32\WINSPOOL.DRV
[0720/142805:ERROR:process_reader_win.cc(232)] ReadMemory at 0x74490000 of 64 bytes failed: Only part of a ReadProcessMemory or WriteProcessMemory request was completed. (0x12B)
[0720/142805:WARNING:pe_image_reader.cc(280)] could not read dos header from C:\WINDOWS\WinSxS\x86_microsoft.windows.common-controls_6595b64144ccf1df_6.0.7601.18837_none_41e855142bd5705d\COMCTL32.dll
[0720/142805:ERROR:process_reader_win.cc(232)] ReadMemory at 0x762f0000 of 64 bytes failed: Only part of a ReadProcessMemory or WriteProcessMemory request was completed. (0x12B)
[0720/142805:WARNING:pe_image_reader.cc(280)] could not read dos header from C:\WINDOWS\system32\COMDLG32.dll
[0720/142805:ERROR:process_reader_win.cc(232)] ReadMemory at 0x75c50000 of 64 bytes failed: Only part of a ReadProcessMemory or WriteProcessMemory request was completed. (0x12B)
[0720/142805:WARNING:pe_image_reader.cc(280)] could not read dos header from C:\WINDOWS\system32\ole32.dll
[0720/142805:ERROR:process_reader_win.cc(232)] ReadMemory at 0x75db0000 of 64 bytes failed: Only part of a ReadProcessMemory or WriteProcessMemory request was completed. (0x12B)
[0720/142805:WARNING:pe_image_reader.cc(280)] could not read dos header from C:\WINDOWS\system32\OLEAUT32.dll
[0720/142805:ERROR:process_reader_win.cc(232)] ReadMemory at 0x77ad0000 of 64 bytes failed: Only part of a ReadProcessMemory or WriteProcessMemory request was completed. (0x12B)
[0720/142805:WARNING:pe_image_reader.cc(280)] could not read dos header from C:\WINDOWS\system32\NSI.dll
[0720/142805:ERROR:process_reader_win.cc(232)] ReadMemory at 0x73a30000 of 64 bytes failed: Only part of a ReadProcessMemory or WriteProcessMemory request was completed. (0x12B)
[0720/142805:WARNING:pe_image_reader.cc(280)] could not read dos header from C:\WINDOWS\system32\WINNSI.DLL
[0720/142805:ERROR:process_reader_win.cc(232)] ReadMemory at 0x73a40000 of 64 bytes failed: Only part of a ReadProcessMemory or WriteProcessMemory request was completed. (0x12B)
[0720/142805:WARNING:pe_image_reader.cc(280)] could not read dos header from C:\WINDOWS\system32\IPHLPAPI.DLL
[0720/142805:ERROR:process_reader_win.cc(232)] ReadMemory at 0x765e0000 of 64 bytes failed: Only part of a ReadProcessMemory or WriteProcessMemory request was completed. (0x12B)
[0720/142805:WARNING:pe_image_reader.cc(280)] could not read dos header from C:\WINDOWS\system32\WS2_32.dll
[0720/142805:ERROR:process_reader_win.cc(232)] ReadMemory at 0x75930000 of 64 bytes failed: Only part of a ReadProcessMemory or WriteProcessMemory request was completed. (0x12B)
[0720/142805:WARNING:pe_image_reader.cc(280)] could not read dos header from C:\WINDOWS\system32\MSASN1.dll
[0720/142805:ERROR:process_reader_win.cc(232)] ReadMemory at 0x75990000 of 64 bytes failed: Only part of a ReadProcessMemory or WriteProcessMemory request was completed. (0x12B)
[0720/142805:WARNING:pe_image_reader.cc(280)] could not read dos header from C:\WINDOWS\system32\CRYPT32.dll
[0720/142805:ERROR:process_reader_win.cc(232)] ReadMemory at 0x75960000 of 64 bytes failed: Only part of a ReadProcessMemory or WriteProcessMemory request was completed. (0x12B)
[0720/142805:WARNING:pe_image_reader.cc(280)] could not read dos header from C:\WINDOWS\system32\WINTRUST.dll
[0720/142805:ERROR:process_reader_win.cc(232)] ReadMemory at 0x75680000 of 64 bytes failed: Only part of a ReadProcessMemory or WriteProcessMemory request was completed. (0x12B)
[0720/142805:WARNING:pe_image_reader.cc(280)] could not read dos header from C:\WINDOWS\system32\Secur32.dll
[0720/142805:ERROR:process_reader_win.cc(232)] ReadMemory at 0x757d0000 of 64 bytes failed: Only part of a ReadProcessMemory or WriteProcessMemory request was completed. (0x12B)
[0720/142805:WARNING:pe_image_reader.cc(280)] could not read dos header from C:\WINDOWS\system32\SSPICLI.DLL
[0720/142805:ERROR:process_reader_win.cc(232)] ReadMemory at 0xf090000 of 64 bytes failed: Only part of a ReadProcessMemory or WriteProcessMemory request was completed. (0x12B)
[0720/142805:WARNING:pe_image_reader.cc(280)] could not read dos header from C:\Program Files\Google\Chrome\Application\51.0.2704.103\chrome_child.dll
[0720/142805:ERROR:process_reader_win.cc(232)] ReadMemory at 0x60c00000 of 64 bytes failed: Only part of a ReadProcessMemory or WriteProcessMemory request was completed. (0x12B)
[0720/142805:WARNING:pe_image_reader.cc(280)] could not read dos header from C:\WINDOWS\system32\dwrite.dll
[0720/142805:ERROR:process_reader_win.cc(232)] ReadMemory at 0x75840000 of 64 bytes failed: Only part of a ReadProcessMemory or WriteProcessMemory request was completed. (0x12B)
[0720/142805:WARNING:pe_image_reader.cc(280)] could not read dos header from C:\WINDOWS\system32\cryptbase.dll
[0720/142805:ERROR:process_reader_win.cc(98)] process 3468 not found
[0720/142805:ERROR:process_reader_win.cc(232)] ReadMemory at 0x1090000 of 64 bytes failed: Only part of a ReadProcessMemory or WriteProcessMemory request was completed. (0x12B)
[0720/142805:WARNING:pe_image_reader.cc(280)] could not read dos header from C:\Program Files\Google\Chrome\Application\chrome.exe
[0720/142805:ERROR:process_reader_win.cc(232)] ReadMemory at 0x77950000 of 64 bytes failed: Only part of a ReadProcessMemory or WriteProcessMemory request was completed. (0x12B)
[0720/142805:WARNING:pe_image_reader.cc(280)] could not read dos header from C:\WINDOWS\SYSTEM32\ntdll.dll
[0720/142805:ERROR:process_reader_win.cc(232)] ReadMemory at 0x75ac0000 of 64 bytes failed: Only part of a ReadProcessMemory or WriteProcessMemory request was completed. (0x12B)
[0720/142805:WARNING:pe_image_reader.cc(280)] could not read dos header from C:\WINDOWS\system32\KERNELBASE.dll
[0720/142805:ERROR:process_reader_win.cc(232)] ReadMemory at 0x77470000 of 64 bytes failed: Only part of a ReadProcessMemory or WriteProcessMemory request was completed. (0x12B)
[0720/142805:WARNING:pe_image_reader.cc(280)] could not read dos header from C:\WINDOWS\system32\kernel32.dll
[0720/142805:ERROR:process_reader_win.cc(232)] ReadMemory at 0x77ae0000 of 64 bytes failed: Only part of a ReadProcessMemory or WriteProcessMemory request was completed. (0x12B)
[0720/142805:WARNING:pe_image_reader.cc(280)] could not read dos header from C:\WINDOWS\system32\PSAPI.DLL
[0720/142805:ERROR:process_reader_win.cc(232)] ReadMemory at 0x77550000 of 64 bytes failed: Only part of a ReadProcessMemory or WriteProcessMemory request was completed. (0x12B)
[0720/142805:WARNING:pe_image_reader.cc(280)] could not read dos header from C:\WINDOWS\system32\USER32.dll
[0720/142805:ERROR:process_reader_win.cc(232)] ReadMemory at 0x760f0000 of 64 bytes failed: Only part of a ReadProcessMemory or WriteProcessMemory request was completed. (0x12B)
[0720/142805:WARNING:pe_image_reader.cc(280)] could not read dos header from C:\WINDOWS\system32\msvcrt.dll
[0720/142805:ERROR:process_reader_win.cc(232)] ReadMemory at 0x75e40000 of 64 bytes failed: Only part of a ReadProcessMemory or WriteProcessMemory request was completed. (0x12B)
[0720/142805:WARNING:pe_image_reader.cc(280)] could not read dos header from C:\WINDOWS\system32\USP10.dll
[0720/142805:ERROR:process_reader_win.cc(232)] ReadMemory at 0x77ac0000 of 64 bytes failed: Only part of a ReadProcessMemory or WriteProcessMemory request was completed. (0x12B)
[0720/142805:WARNING:pe_image_reader.cc(280)] could not read dos header from C:\WINDOWS\system32\LPK.dll
[0720/142805:ERROR:process_reader_win.cc(232)] ReadMemory at 0x766d0000 of 64 bytes failed: Only part of a ReadProcessMemory or WriteProcessMemory request was completed. (0x12B)
[0720/142805:WARNING:pe_image_reader.cc(280)] could not read dos header from C:\WINDOWS\system32\GDI32.dll
[0720/142805:ERROR:process_reader_win.cc(232)] ReadMemory at 0x77860000 of 64 bytes failed: Only part of a ReadProcessMemory or WriteProcessMemory request was completed. (0x12B)
[0720/142805:WARNING:pe_image_reader.cc(280)] could not read dos header from C:\WINDOWS\system32\SHLWAPI.dll
[0720/142805:ERROR:process_reader_win.cc(232)] ReadMemory at 0x76620000 of 64 bytes failed: Only part of a ReadProcessMemory or WriteProcessMemory request was completed. (0x12B)
[0720/142805:WARNING:pe_image_reader.cc(280)] could not read dos header from C:\WINDOWS\system32\RPCRT4.dll
[0720/142805:ERROR:process_reader_win.cc(232)] ReadMemory at 0x77aa0000 of 64 bytes failed: Only part of a ReadProcessMemory or WriteProcessMemory request was completed. (0x12B)
[0720/142805:WARNING:pe_image_reader.cc(280)] could not read dos header from C:\WINDOWS\SYSTEM32\sechost.dll
[0720/142805:ERROR:process_reader_win.cc(232)] ReadMemory at 0x77370000 of 64 bytes failed: Only part of a ReadProcessMemory or WriteProcessMemory request was completed. (0x12B)
[0720/142805:WARNING:pe_image_reader.cc(280)] could not read dos header from C:\WINDOWS\system32\ADVAPI32.dll
[0720/142805:ERROR:process_reader_win.cc(232)] ReadMemory at 0x743e0000 of 64 bytes failed: Only part of a ReadProcessMemory or WriteProcessMemory request was completed. (0x12B)
[0720/142805:WARNING:pe_image_reader.cc(280)] could not read dos header from C:\WINDOWS\system32\tmumh\20019\AddOn\6.80.0.1007\TmUmEvt.dll
[0720/142805:ERROR:process_reader_win.cc(232)] ReadMemory at 0x742b0000 of 64 bytes failed: Only part of a ReadProcessMemory or WriteProcessMemory request was completed. (0x12B)
[0720/142805:WARNING:pe_image_reader.cc(280)] could not read dos header from C:\WINDOWS\system32\sfc.dll
[0720/142805:ERROR:process_reader_win.cc(232)] ReadMemory at 0x742a0000 of 64 bytes failed: Only part of a ReadProcessMemory or WriteProcessMemory request was completed. (0x12B)
[0720/142805:WARNING:pe_image_reader.cc(280)] could not read dos header from C:\WINDOWS\system32\sfc_os.DLL
[0720/142805:ERROR:process_reader_win.cc(232)] ReadMemory at 0x74d80000 of 64 bytes failed: Only part of a ReadProcessMemory or WriteProcessMemory request was completed. (0x12B)
[0720/142805:WARNING:pe_image_reader.cc(280)] could not read dos header from C:\WINDOWS\system32\VERSION.dll
[0720/142805:ERROR:process_reader_win.cc(232)] ReadMemory at 0x742c0000 of 64 bytes failed: Only part of a ReadProcessMemory or WriteProcessMemory request was completed. (0x12B)
[0720/142805:WARNING:pe_image_reader.cc(280)] could not read dos header from C:\WINDOWS\system32\tmumh\20019\TmMon\1.6.0.1163\tmmon.dll
[0720/142805:ERROR:process_reader_win.cc(232)] ReadMemory at 0x76370000 of 64 bytes failed: Only part of a ReadProcessMemory or WriteProcessMemory request was completed. (0x12B)
[0720/142805:WARNING:pe_image_reader.cc(280)] could not read dos header from C:\WINDOWS\system32\MSCTF.dll
[0720/142805:ERROR:process_reader_win.cc(232)] ReadMemory at 0x77b20000 of 64 bytes failed: Only part of a ReadProcessMemory or WriteProcessMemory request was completed. (0x12B)
[0720/142805:WARNING:pe_image_reader.cc(280)] could not read dos header from C:\WINDOWS\system32\IMM32.DLL
[0720/142805:ERROR:process_reader_win.cc(232)] ReadMemory at 0x65ef0000 of 64 bytes failed: Only part of a ReadProcessMemory or WriteProcessMemory request was completed. (0x12B)
[0720/142805:WARNING:pe_image_reader.cc(280)] could not read dos header from C:\Program Files\Google\Chrome\Application\51.0.2704.103\chrome_elf.dll
[0720/142805:ERROR:process_reader_win.cc(232)] ReadMemory at 0x74260000 of 64 bytes failed: Only part of a ReadProcessMemory or WriteProcessMemory request was completed. (0x12B)
[0720/142805:WARNING:pe_image_reader.cc(280)] could not read dos header from C:\WINDOWS\system32\WINMM.dll
[0720/142805:ERROR:process_reader_win.cc(232)] ReadMemory at 0x75920000 of 64 bytes failed: Only part of a ReadProcessMemory or WriteProcessMemory request was completed. (0x12B)
[0720/142805:WARNING:pe_image_reader.cc(280)] could not read dos header from C:\WINDOWS\system32\profapi.dll
[0720/142805:ERROR:process_reader_win.cc(232)] ReadMemory at 0x75940000 of 64 bytes failed: Only part of a ReadProcessMemory or WriteProcessMemory request was completed. (0x12B)
[0720/142805:WARNING:pe_image_reader.cc(280)] could not read dos header from C:\WINDOWS\system32\USERENV.dll
[0720/142805:ERROR:process_reader_win.cc(232)] ReadMemory at 0x74470000 of 64 bytes failed: Only part of a ReadProcessMemory or WriteProcessMemory request was completed. (0x12B)
[0720/142805:WARNING:pe_image_reader.cc(280)] could not read dos header from C:\WINDOWS\system32\WTSAPI32.dll
[0720/142805:ERROR:process_reader_win.cc(232)] ReadMemory at 0x727c0000 of 64 bytes failed: Only part of a ReadProcessMemory or WriteProcessMemory request was completed. (0x12B)
[0720/142805:WARNING:pe_image_reader.cc(280)] could not read dos header from C:\WINDOWS\system32\webio.dll
[0720/142805:ERROR:process_reader_win.cc(232)] ReadMemory at 0x72810000 of 64 bytes failed: Only part of a ReadProcessMemory or WriteProcessMemory request was completed. (0x12B)
[0720/142805:WARNING:pe_image_reader.cc(280)] could not read dos header from C:\WINDOWS\system32\WINHTTP.dll
[0720/142805:ERROR:process_reader_win.cc(232)] ReadMemory at 0x67350000 of 64 bytes failed: Only part of a ReadProcessMemory or WriteProcessMemory request was completed. (0x12B)
[0720/142805:WARNING:pe_image_reader.cc(280)] could not read dos header from C:\WINDOWS\system32\api-ms-win-core-synch-l1-2-0.DLL
[0720/142805:ERROR:process_reader_win.cc(232)] ReadMemory at 0x76720000 of 64 bytes failed: Only part of a ReadProcessMemory or WriteProcessMemory request was completed. (0x12B)
[0720/142805:WARNING:pe_image_reader.cc(280)] could not read dos header from C:\WINDOWS\system32\SHELL32.dll
[0720/142805:ERROR:process_reader_win.cc(232)] ReadMemory at 0x73ca0000 of 64 bytes failed: Only part of a ReadProcessMemory or WriteProcessMemory request was completed. (0x12B)
[0720/142805:WARNING:pe_image_reader.cc(280)] could not read dos header from C:\WINDOWS\system32\WINSPOOL.DRV
[0720/142805:ERROR:process_reader_win.cc(232)] ReadMemory at 0x74490000 of 64 bytes failed: Only part of a ReadProcessMemory or WriteProcessMemory request was completed. (0x12B)
[0720/142805:WARNING:pe_image_reader.cc(280)] could not read dos header from C:\WINDOWS\WinSxS\x86_microsoft.windows.common-controls_6595b64144ccf1df_6.0.7601.18837_none_41e855142bd5705d\COMCTL32.dll
[0720/142805:ERROR:process_reader_win.cc(232)] ReadMemory at 0x762f0000 of 64 bytes failed: Only part of a ReadProcessMemory or WriteProcessMemory request was completed. (0x12B)
[0720/142805:WARNING:pe_image_reader.cc(280)] could not read dos header from C:\WINDOWS\system32\COMDLG32.dll
[0720/142805:ERROR:process_reader_win.cc(232)] ReadMemory at 0x75c50000 of 64 bytes failed: Only part of a ReadProcessMemory or WriteProcessMemory request was completed. (0x12B)
[0720/142805:WARNING:pe_image_reader.cc(280)] could not read dos header from C:\WINDOWS\system32\ole32.dll
[0720/142805:ERROR:process_reader_win.cc(232)] ReadMemory at 0x75db0000 of 64 bytes failed: Only part of a ReadProcessMemory or WriteProcessMemory request was completed. (0x12B)
[0720/142805:WARNING:pe_image_reader.cc(280)] could not read dos header from C:\WINDOWS\system32\OLEAUT32.dll
[0720/142805:ERROR:process_reader_win.cc(232)] ReadMemory at 0x77ad0000 of 64 bytes failed: Only part of a ReadProcessMemory or WriteProcessMemory request was completed. (0x12B)
[0720/142805:WARNING:pe_image_reader.cc(280)] could not read dos header from C:\WINDOWS\system32\NSI.dll
[0720/142805:ERROR:process_reader_win.cc(232)] ReadMemory at 0x73a30000 of 64 bytes failed: Only part of a ReadProcessMemory or WriteProcessMemory request was completed. (0x12B)
[0720/142805:WARNING:pe_image_reader.cc(280)] could not read dos header from C:\WINDOWS\system32\WINNSI.DLL
[0720/142805:ERROR:process_reader_win.cc(232)] ReadMemory at 0x73a40000 of 64 bytes failed: Only part of a ReadProcessMemory or WriteProcessMemory request was completed. (0x12B)
[0720/142805:WARNING:pe_image_reader.cc(280)] could not read dos header from C:\WINDOWS\system32\IPHLPAPI.DLL
[0720/142805:ERROR:process_reader_win.cc(232)] ReadMemory at 0x765e0000 of 64 bytes failed: Only part of a ReadProcessMemory or WriteProcessMemory request was completed. (0x12B)
[0720/142805:WARNING:pe_image_reader.cc(280)] could not read dos header from C:\WINDOWS\system32\WS2_32.dll
[0720/142805:ERROR:process_reader_win.cc(232)] ReadMemory at 0x75930000 of 64 bytes failed: Only part of a ReadProcessMemory or WriteProcessMemory request was completed. (0x12B)
[0720/142805:WARNING:pe_image_reader.cc(280)] could not read dos header from C:\WINDOWS\system32\MSASN1.dll
[0720/142805:ERROR:process_reader_win.cc(232)] ReadMemory at 0x75990000 of 64 bytes failed: Only part of a ReadProcessMemory or WriteProcessMemory request was completed. (0x12B)
[0720/142805:WARNING:pe_image_reader.cc(280)] could not read dos header from C:\WINDOWS\system32\CRYPT32.dll
[0720/142805:ERROR:process_reader_win.cc(232)] ReadMemory at 0x75960000 of 64 bytes failed: Only part of a ReadProcessMemory or WriteProcessMemory request was completed. (0x12B)
[0720/142805:WARNING:pe_image_reader.cc(280)] could not read dos header from C:\WINDOWS\system32\WINTRUST.dll
[0720/142805:ERROR:process_reader_win.cc(232)] ReadMemory at 0x75680000 of 64 bytes failed: Only part of a ReadProcessMemory or WriteProcessMemory request was completed. (0x12B)
[0720/142805:WARNING:pe_image_reader.cc(280)] could not read dos header from C:\WINDOWS\system32\Secur32.dll
[0720/142805:ERROR:process_reader_win.cc(232)] ReadMemory at 0x757d0000 of 64 bytes failed: Only part of a ReadProcessMemory or WriteProcessMemory request was completed. (0x12B)
[0720/142805:WARNING:pe_image_reader.cc(280)] could not read dos header from C:\WINDOWS\system32\SSPICLI.DLL
[0720/142805:ERROR:process_reader_win.cc(232)] ReadMemory at 0xf090000 of 64 bytes failed: Only part of a ReadProcessMemory or WriteProcessMemory request was completed. (0x12B)
[0720/142805:WARNING:pe_image_reader.cc(280)] could not read dos header from C:\Program Files\Google\Chrome\Application\51.0.2704.103\chrome_child.dll
[0720/142805:ERROR:process_reader_win.cc(232)] ReadMemory at 0x60c00000 of 64 bytes failed: Only part of a ReadProcessMemory or WriteProcessMemory request was completed. (0x12B)
[0720/142805:WARNING:pe_image_reader.cc(280)] could not read dos header from C:\WINDOWS\system32\dwrite.dll
[0720/142805:ERROR:process_reader_win.cc(232)] ReadMemory at 0x75840000 of 64 bytes failed: Only part of a ReadProcessMemory or WriteProcessMemory request was completed. (0x12B)
[0720/142805:WARNING:pe_image_reader.cc(280)] could not read dos header from C:\WINDOWS\system32\cryptbase.dll
[0720/142805:ERROR:process_reader_win.cc(232)] ReadMemory at 0x114c374 of 12 bytes failed: Only part of a ReadProcessMemory or WriteProcessMemory request was completed. (0x12B)
[0720/142805:WARNING:process_snapshot_win.cc(102)] ReadMemory ExceptionInformation failed
[0720/142805:WARNING:crash_report_exception_handler.cc(60)] ProcessSnapshotWin::InitializeException failed
[0720/142805:ERROR:scoped_process_suspend.cc(38)] NtResumeProcess, ntstatus=-1073741558
